<?xml version="1.0" encoding="UTF-8"?>
<coverage generated="1771804450128" clover="3.2.0">
  <project timestamp="1771804450128" name="All files">
    <metrics statements="6" coveredstatements="6" conditionals="3" coveredconditionals="3" methods="2" coveredmethods="2" elements="11" coveredelements="11" complexity="0" loc="6" ncloc="6" packages="1" files="1" classes="1"/>
    <file name="dataGenerators.ts" path="/Users/pedrobecerra/Proyectos/playwright_dashboard/src/utils/dataGenerators.ts">
      <metrics statements="6" coveredstatements="6" conditionals="3" coveredconditionals="3" methods="2" coveredmethods="2"/>
      <line num="3" count="1" type="stmt"/>
      <line num="4" count="11" type="stmt"/>
      <line num="7" count="1" type="cond" truecount="1" falsecount="0"/>
      <line num="8" count="5" type="stmt"/>
      <line num="9" count="5" type="cond" truecount="2" falsecount="0"/>
      <line num="11" count="5" type="stmt"/>
    </file>
  </project>
</coverage>
