{"/Users/pedrobecerra/Proyectos/playwright_dashboard/src/utils/dataGenerators.ts": {"path":"/Users/pedrobecerra/Proyectos/playwright_dashboard/src/utils/dataGenerators.ts","statementMap":{"0":{"start":{"line":3,"column":32},"end":{"line":5,"column":1}},"1":{"start":{"line":4,"column":4},"end":{"line":4,"column":null}},"2":{"start":{"line":3,"column":13},"end":{"line":3,"column":32}},"3":{"start":{"line":7,"column":36},"end":{"line":19,"column":1}},"4":{"start":{"line":8,"column":24},"end":{"line":8,"column":38}},"5":{"start":{"line":9,"column":25},"end":{"line":9,"column":62}},"6":{"start":{"line":11,"column":4},"end":{"line":18,"column":null}},"7":{"start":{"line":7,"column":13},"end":{"line":7,"column":36}}},"fnMap":{"0":{"name":"(anonymous_0)","decl":{"start":{"line":3,"column":32},"end":{"line":3,"column":33}},"loc":{"start":{"line":3,"column":65},"end":{"line":5,"column":1}}},"1":{"name":"(anonymous_1)","decl":{"start":{"line":7,"column":36},"end":{"line":7,"column":37}},"loc":{"start":{"line":7,"column":92},"end":{"line":19,"column":1}}}},"branchMap":{"0":{"loc":{"start":{"line":7,"column":37},"end":{"line":7,"column":74}},"type":"default-arg","locations":[{"start":{"line":7,"column":72},"end":{"line":7,"column":74}}]},"1":{"loc":{"start":{"line":9,"column":25},"end":{"line":9,"column":62}},"type":"binary-expr","locations":[{"start":{"line":9,"column":25},"end":{"line":9,"column":47}},{"start":{"line":9,"column":51},"end":{"line":9,"column":62}}]}},"s":{"0":1,"1":11,"2":1,"3":1,"4":5,"5":5,"6":5,"7":1},"f":{"0":11,"1":5},"b":{"0":[3],"1":[5,4]}}
}
